Flow report for DUT
Fri Apr 19 13:03:44 2019
Quartus II 32-bit Version 12.0 Build 178 05/31/2012 SJ Web Edition


---------------------
; Table of Contents ;
---------------------
  1. Legal Notice
  2. Flow Summary
  3. Flow Settings
  4. Flow Non-Default Global Settings
  5. Flow Elapsed Time
  6. Flow OS Summary
  7. Flow Log



----------------
; Legal Notice ;
----------------
Copyright (C) 1991-2012 Altera Corporation
Your use of Altera Corporation's design tools, logic functions 
and other software and tools, and its AMPP partner logic 
functions, and any output files from any of the foregoing 
(including device programming or simulation files), and any 
associated documentation or information are expressly subject 
to the terms and conditions of the Altera Program License 
Subscription Agreement, Altera MegaCore Function License 
Agreement, or other applicable license agreement, including, 
without limitation, that your use is for the sole purpose of 
programming logic devices manufactured by Altera and sold by 
Altera or its authorized distributors.  Please refer to the 
applicable agreement for further details.



+----------------------------------------------------------------------+
; Flow Summary                                                         ;
+---------------------------+------------------------------------------+
; Flow Status               ; Successful - Fri Apr 19 13:03:44 2019    ;
; Quartus II 32-bit Version ; 12.0 Build 178 05/31/2012 SJ Web Edition ;
; Revision Name             ; DUT                                      ;
; Top-level Entity Name     ; DUT                                      ;
; Family                    ; MAX V                                    ;
; Device                    ; 5M1270ZT144C4                            ;
; Timing Models             ; Final                                    ;
; Total logic elements      ; 123 / 1,270 ( 10 % )                     ;
; Total pins                ; 32 / 114 ( 28 % )                        ;
; Total virtual pins        ; 0                                        ;
; UFM blocks                ; 0 / 1 ( 0 % )                            ;
+---------------------------+------------------------------------------+


+-----------------------------------------+
; Flow Settings                           ;
+-------------------+---------------------+
; Option            ; Setting             ;
+-------------------+---------------------+
; Start date & time ; 04/19/2019 13:03:35 ;
; Main task         ; Compilation         ;
; Revision Name     ; DUT                 ;
+-------------------+---------------------+


+----------------------------------------------------------------------------------------------------------------------+
; Flow Non-Default Global Settings                                                                                     ;
+--------------------------------------+--------------------------------+---------------+-------------+----------------+
; Assignment Name                      ; Value                          ; Default Value ; Entity Name ; Section Id     ;
+--------------------------------------+--------------------------------+---------------+-------------+----------------+
; COMPILER_SIGNATURE_ID                ; 84055620496086.155565921503455 ; --            ; --          ; --             ;
; EDA_DESIGN_INSTANCE_NAME             ; dut_instance                   ; --            ; --          ; Testbench.vhdl ;
; EDA_NATIVELINK_SIMULATION_TEST_BENCH ; Testbench.vhdl                 ; --            ; --          ; eda_simulation ;
; EDA_OUTPUT_DATA_FORMAT               ; Vhdl                           ; --            ; --          ; eda_simulation ;
; EDA_SIMULATION_TOOL                  ; ModelSim-Altera (VHDL)         ; <None>        ; --          ; --             ;
; EDA_TEST_BENCH_ENABLE_STATUS         ; TEST_BENCH_MODE                ; --            ; --          ; eda_simulation ;
; EDA_TEST_BENCH_FILE                  ; Testbench.vhdl                 ; --            ; --          ; Testbench.vhdl ;
; EDA_TEST_BENCH_MODULE_NAME           ; Testbench                      ; --            ; --          ; Testbench.vhdl ;
; EDA_TEST_BENCH_NAME                  ; Testbench.vhdl                 ; --            ; --          ; eda_simulation ;
; MAX_CORE_JUNCTION_TEMP               ; 85                             ; --            ; --          ; --             ;
; MIN_CORE_JUNCTION_TEMP               ; 0                              ; --            ; --          ; --             ;
; POWER_PRESET_COOLING_SOLUTION        ; No Heat Sink With Still Air    ; --            ; --          ; --             ;
+--------------------------------------+--------------------------------+---------------+-------------+----------------+


+-------------------------------------------------------------------------------------------------------------------------------+
; Flow Elapsed Time                                                                                                             ;
+---------------------------+--------------+-------------------------+---------------------+------------------------------------+
; Module Name               ; Elapsed Time ; Average Processors Used ; Peak Virtual Memory ; Total CPU Time (on all processors) ;
+---------------------------+--------------+-------------------------+---------------------+------------------------------------+
; Analysis & Synthesis      ; 00:00:02     ; 1.0                     ; --                  ; 00:00:02                           ;
; Fitter                    ; 00:00:02     ; 1.0                     ; --                  ; 00:00:01                           ;
; Assembler                 ; 00:00:01     ; 1.0                     ; --                  ; 00:00:00                           ;
; TimeQuest Timing Analyzer ; 00:00:01     ; 1.0                     ; --                  ; 00:00:01                           ;
; EDA Netlist Writer        ; 00:00:00     ; 1.0                     ; --                  ; 00:00:00                           ;
; Total                     ; 00:00:06     ; --                      ; --                  ; 00:00:04                           ;
+---------------------------+--------------+-------------------------+---------------------+------------------------------------+


+---------------------------------------------------------------------------------------------+
; Flow OS Summary                                                                             ;
+---------------------------+------------------+----------------+------------+----------------+
; Module Name               ; Machine Hostname ; OS Name        ; OS Version ; Processor type ;
+---------------------------+------------------+----------------+------------+----------------+
; Analysis & Synthesis      ; wel-w2-566       ; Ubuntu 12.04.5 ; 12         ; i686           ;
; Fitter                    ; wel-w2-566       ; Ubuntu 12.04.5 ; 12         ; i686           ;
; Assembler                 ; wel-w2-566       ; Ubuntu 12.04.5 ; 12         ; i686           ;
; TimeQuest Timing Analyzer ; wel-w2-566       ; Ubuntu 12.04.5 ; 12         ; i686           ;
; EDA Netlist Writer        ; wel-w2-566       ; Ubuntu 12.04.5 ; 12         ; i686           ;
+---------------------------+------------------+----------------+------------+----------------+


------------
; Flow Log ;
------------
quartus_map --read_settings_files=on --write_settings_files=off boothmultiplier -c DUT
quartus_fit --read_settings_files=off --write_settings_files=off boothmultiplier -c DUT
quartus_asm --read_settings_files=off --write_settings_files=off boothmultiplier -c DUT
quartus_sta boothmultiplier -c DUT
quartus_eda --read_settings_files=off --write_settings_files=off boothmultiplier -c DUT



