Analysis & Synthesis report for DUT
Sun Apr 21 11:44:46 2019
Quartus II 32-bit Version 12.0 Build 178 05/31/2012 SJ Web Edition


---------------------
; Table of Contents ;
---------------------
  1. Legal Notice
  2. Analysis & Synthesis Summary
  3. Analysis & Synthesis Settings
  4. Parallel Compilation
  5. Analysis & Synthesis Source Files Read
  6. Analysis & Synthesis Resource Usage Summary
  7. Analysis & Synthesis Resource Utilization by Entity
  8. General Register Statistics
  9. Port Connectivity Checks: "precision_multiplier:add_instance|multiplier:multiplier1|tenbit:tenbit4"
 10. Port Connectivity Checks: "precision_multiplier:add_instance|multiplier:multiplier1|mux:mux8"
 11. Port Connectivity Checks: "precision_multiplier:add_instance|multiplier:multiplier1|tenbit:tenbit3"
 12. Port Connectivity Checks: "precision_multiplier:add_instance|multiplier:multiplier1|mux:mux5"
 13. Port Connectivity Checks: "precision_multiplier:add_instance|multiplier:multiplier1|tenbit:tenbit2"
 14. Port Connectivity Checks: "precision_multiplier:add_instance|multiplier:multiplier1|mux:mux3"
 15. Port Connectivity Checks: "precision_multiplier:add_instance|multiplier:multiplier1|tenbit:tenbit1|Full_Adder:fa_0"
 16. Port Connectivity Checks: "precision_multiplier:add_instance|multiplier:multiplier1|tenbit:tenbit1"
 17. Port Connectivity Checks: "precision_multiplier:add_instance|multiplier:multiplier1|mux:mux2"
 18. Port Connectivity Checks: "precision_multiplier:add_instance|multiplier:multiplier1"
 19. Analysis & Synthesis Messages



----------------
; Legal Notice ;
----------------
Copyright (C) 1991-2012 Altera Corporation
Your use of Altera Corporation's design tools, logic functions 
and other software and tools, and its AMPP partner logic 
functions, and any output files from any of the foregoing 
(including device programming or simulation files), and any 
associated documentation or information are expressly subject 
to the terms and conditions of the Altera Program License 
Subscription Agreement, Altera MegaCore Function License 
Agreement, or other applicable license agreement, including, 
without limitation, that your use is for the sole purpose of 
programming logic devices manufactured by Altera and sold by 
Altera or its authorized distributors.  Please refer to the 
applicable agreement for further details.



+------------------------------------------------------------------------+
; Analysis & Synthesis Summary                                           ;
+-----------------------------+------------------------------------------+
; Analysis & Synthesis Status ; Successful - Sun Apr 21 11:44:46 2019    ;
; Quartus II 32-bit Version   ; 12.0 Build 178 05/31/2012 SJ Web Edition ;
; Revision Name               ; DUT                                      ;
; Top-level Entity Name       ; DUT                                      ;
; Family                      ; MAX V                                    ;
; Total logic elements        ; 59                                       ;
; Total pins                  ; 32                                       ;
; Total virtual pins          ; 0                                        ;
; UFM blocks                  ; 0 / 1 ( 0 % )                            ;
+-----------------------------+------------------------------------------+


+----------------------------------------------------------------------------------------------------------------------+
; Analysis & Synthesis Settings                                                                                        ;
+----------------------------------------------------------------------------+--------------------+--------------------+
; Option                                                                     ; Setting            ; Default Value      ;
+----------------------------------------------------------------------------+--------------------+--------------------+
; Device                                                                     ; 5M1270ZT144C5      ;                    ;
; Top-level entity name                                                      ; DUT                ; DUT                ;
; Family name                                                                ; MAX V              ; Cyclone IV GX      ;
; Use smart compilation                                                      ; Off                ; Off                ;
; Enable parallel Assembler and TimeQuest Timing Analyzer during compilation ; On                 ; On                 ;
; Enable compact report table                                                ; Off                ; Off                ;
; Restructure Multiplexers                                                   ; Auto               ; Auto               ;
; Create Debugging Nodes for IP Cores                                        ; Off                ; Off                ;
; Preserve fewer node names                                                  ; On                 ; On                 ;
; Disable OpenCore Plus hardware evaluation                                  ; Off                ; Off                ;
; Verilog Version                                                            ; Verilog_2001       ; Verilog_2001       ;
; VHDL Version                                                               ; VHDL_1993          ; VHDL_1993          ;
; State Machine Processing                                                   ; Auto               ; Auto               ;
; Safe State Machine                                                         ; Off                ; Off                ;
; Extract Verilog State Machines                                             ; On                 ; On                 ;
; Extract VHDL State Machines                                                ; On                 ; On                 ;
; Ignore Verilog initial constructs                                          ; Off                ; Off                ;
; Iteration limit for constant Verilog loops                                 ; 5000               ; 5000               ;
; Iteration limit for non-constant Verilog loops                             ; 250                ; 250                ;
; Add Pass-Through Logic to Inferred RAMs                                    ; On                 ; On                 ;
; Infer RAMs from Raw Logic                                                  ; On                 ; On                 ;
; Parallel Synthesis                                                         ; On                 ; On                 ;
; NOT Gate Push-Back                                                         ; On                 ; On                 ;
; Power-Up Don't Care                                                        ; On                 ; On                 ;
; Remove Redundant Logic Cells                                               ; Off                ; Off                ;
; Remove Duplicate Registers                                                 ; On                 ; On                 ;
; Ignore CARRY Buffers                                                       ; Off                ; Off                ;
; Ignore CASCADE Buffers                                                     ; Off                ; Off                ;
; Ignore GLOBAL Buffers                                                      ; Off                ; Off                ;
; Ignore ROW GLOBAL Buffers                                                  ; Off                ; Off                ;
; Ignore LCELL Buffers                                                       ; Off                ; Off                ;
; Ignore SOFT Buffers                                                        ; On                 ; On                 ;
; Limit AHDL Integers to 32 Bits                                             ; Off                ; Off                ;
; Optimization Technique                                                     ; Balanced           ; Balanced           ;
; Carry Chain Length                                                         ; 70                 ; 70                 ;
; Auto Carry Chains                                                          ; On                 ; On                 ;
; Auto Open-Drain Pins                                                       ; On                 ; On                 ;
; Perform WYSIWYG Primitive Resynthesis                                      ; Off                ; Off                ;
; Auto Shift Register Replacement                                            ; Auto               ; Auto               ;
; Allow Shift Register Merging across Hierarchies                            ; Auto               ; Auto               ;
; Auto Clock Enable Replacement                                              ; On                 ; On                 ;
; Allow Synchronous Control Signals                                          ; On                 ; On                 ;
; Force Use of Synchronous Clear Signals                                     ; Off                ; Off                ;
; Auto Resource Sharing                                                      ; Off                ; Off                ;
; Use LogicLock Constraints during Resource Balancing                        ; On                 ; On                 ;
; Ignore translate_off and synthesis_off directives                          ; Off                ; Off                ;
; Report Parameter Settings                                                  ; On                 ; On                 ;
; Report Source Assignments                                                  ; On                 ; On                 ;
; Report Connectivity Checks                                                 ; On                 ; On                 ;
; Ignore Maximum Fan-Out Assignments                                         ; Off                ; Off                ;
; Synchronization Register Chain Length                                      ; 2                  ; 2                  ;
; PowerPlay Power Optimization                                               ; Normal compilation ; Normal compilation ;
; HDL message level                                                          ; Level2             ; Level2             ;
; Suppress Register Optimization Related Messages                            ; Off                ; Off                ;
; Number of Removed Registers Reported in Synthesis Report                   ; 5000               ; 5000               ;
; Number of Swept Nodes Reported in Synthesis Report                         ; 5000               ; 5000               ;
; Number of Inverted Registers Reported in Synthesis Report                  ; 100                ; 100                ;
; Clock MUX Protection                                                       ; On                 ; On                 ;
; Block Design Naming                                                        ; Auto               ; Auto               ;
; Synthesis Effort                                                           ; Auto               ; Auto               ;
; Shift Register Replacement - Allow Asynchronous Clear Signal               ; On                 ; On                 ;
; Analysis & Synthesis Message Level                                         ; Medium             ; Medium             ;
; Disable Register Merging Across Hierarchies                                ; Auto               ; Auto               ;
; Synthesis Seed                                                             ; 1                  ; 1                  ;
+----------------------------------------------------------------------------+--------------------+--------------------+


Parallel compilation was disabled, but you have multiple processors available. Enable parallel compilation to reduce compilation time.
+-------------------------------------+
; Parallel Compilation                ;
+----------------------------+--------+
; Processors                 ; Number ;
+----------------------------+--------+
; Number detected on machine ; 4      ;
; Maximum allowed            ; 1      ;
+----------------------------+--------+


+---------------------------------------------------------------------------------------------------------------------------------------------+
; Analysis & Synthesis Source Files Read                                                                                                      ;
+----------------------------------+-----------------+-----------------+------------------------------------------------------------+---------+
; File Name with User-Entered Path ; Used in Netlist ; File Type       ; File Name with Absolute Path                               ; Library ;
+----------------------------------+-----------------+-----------------+------------------------------------------------------------+---------+
; Gates.vhdl                       ; yes             ; User VHDL File  ; /home/student/Desktop/assignment2/Gates.vhdl               ;         ;
; Full_Adder.vhdl                  ; yes             ; User VHDL File  ; /home/student/Desktop/assignment2/Full_Adder.vhdl          ;         ;
; tenbit.vhdl                      ; yes             ; User VHDL File  ; /home/student/Desktop/assignment2/tenbit.vhdl              ;         ;
; multiplier.vhdl                  ; yes             ; User VHDL File  ; /home/student/Desktop/assignment2/multiplier.vhdl          ;         ;
; DUT.vhdl                         ; yes             ; User VHDL File  ; /home/student/Desktop/assignment2/DUT.vhdl                 ;         ;
; mux.vhdl                         ; yes             ; User VHDL File  ; /home/student/Desktop/assignment2/mux.vhdl                 ;         ;
; precisionmultiplier.vhdl         ; yes             ; User VHDL File  ; /home/student/Desktop/assignment2/precisionmultiplier.vhdl ;         ;
+----------------------------------+-----------------+-----------------+------------------------------------------------------------+---------+


+---------------------------------------------------------------+
; Analysis & Synthesis Resource Usage Summary                   ;
+---------------------------------------------+-----------------+
; Resource                                    ; Usage           ;
+---------------------------------------------+-----------------+
; Total logic elements                        ; 59              ;
;     -- Combinational with no register       ; 59              ;
;     -- Register only                        ; 0               ;
;     -- Combinational with a register        ; 0               ;
;                                             ;                 ;
; Logic element usage by number of LUT inputs ;                 ;
;     -- 4 input functions                    ; 44              ;
;     -- 3 input functions                    ; 7               ;
;     -- 2 input functions                    ; 8               ;
;     -- 1 input functions                    ; 0               ;
;     -- 0 input functions                    ; 0               ;
;                                             ;                 ;
; Logic elements by mode                      ;                 ;
;     -- normal mode                          ; 59              ;
;     -- arithmetic mode                      ; 0               ;
;     -- qfbk mode                            ; 0               ;
;     -- register cascade mode                ; 0               ;
;     -- synchronous clear/load mode          ; 0               ;
;     -- asynchronous clear/load mode         ; 0               ;
;                                             ;                 ;
; Total registers                             ; 0               ;
; I/O pins                                    ; 32              ;
; Maximum fan-out node                        ; input_vector[8] ;
; Maximum fan-out                             ; 13              ;
; Total fan-out                               ; 228             ;
; Average fan-out                             ; 2.51            ;
+---------------------------------------------+-----------------+


+-------------------------------------------------------------------------------------------------------------------------------------------------------------------------------------------------------------------------------------------------------------------------------------------------------------------------+
; Analysis & Synthesis Resource Utilization by Entity                                                                                                                                                                                                                                                                     ;
+----------------------------------------+-------------+--------------+------------+------+--------------+--------------+-------------------+------------------+-----------------+------------+------------------------------------------------------------------------------------------------------------+--------------+
; Compilation Hierarchy Node             ; Logic Cells ; LC Registers ; UFM Blocks ; Pins ; Virtual Pins ; LUT-Only LCs ; Register-Only LCs ; LUT/Register LCs ; Carry Chain LCs ; Packed LCs ; Full Hierarchy Name                                                                                        ; Library Name ;
+----------------------------------------+-------------+--------------+------------+------+--------------+--------------+-------------------+------------------+-----------------+------------+------------------------------------------------------------------------------------------------------------+--------------+
; |DUT                                   ; 59 (0)      ; 0            ; 0          ; 32   ; 0            ; 59 (0)       ; 0 (0)             ; 0 (0)            ; 0 (0)           ; 0 (0)      ; |DUT                                                                                                       ; work         ;
;    |precision_multiplier:add_instance| ; 59 (21)     ; 0            ; 0          ; 0    ; 0            ; 59 (21)      ; 0 (0)             ; 0 (0)            ; 0 (0)           ; 0 (0)      ; |DUT|precision_multiplier:add_instance                                                                     ; work         ;
;       |multiplier:multiplier1|         ; 38 (2)      ; 0            ; 0          ; 0    ; 0            ; 38 (2)       ; 0 (0)             ; 0 (0)            ; 0 (0)           ; 0 (0)      ; |DUT|precision_multiplier:add_instance|multiplier:multiplier1                                              ; work         ;
;          |mux:mux2|                    ; 1 (1)       ; 0            ; 0          ; 0    ; 0            ; 1 (1)        ; 0 (0)             ; 0 (0)            ; 0 (0)           ; 0 (0)      ; |DUT|precision_multiplier:add_instance|multiplier:multiplier1|mux:mux2                                     ; work         ;
;          |tenbit:tenbit1|              ; 9 (0)       ; 0            ; 0          ; 0    ; 0            ; 9 (0)        ; 0 (0)             ; 0 (0)            ; 0 (0)           ; 0 (0)      ; |DUT|precision_multiplier:add_instance|multiplier:multiplier1|tenbit:tenbit1                               ; work         ;
;             |Full_Adder:fa_2|          ; 4 (0)       ; 0            ; 0          ; 0    ; 0            ; 4 (0)        ; 0 (0)             ; 0 (0)            ; 0 (0)           ; 0 (0)      ; |DUT|precision_multiplier:add_instance|multiplier:multiplier1|tenbit:tenbit1|Full_Adder:fa_2               ; work         ;
;                |OR_2:o1|               ; 2 (2)       ; 0            ; 0          ; 0    ; 0            ; 2 (2)        ; 0 (0)             ; 0 (0)            ; 0 (0)           ; 0 (0)      ; |DUT|precision_multiplier:add_instance|multiplier:multiplier1|tenbit:tenbit1|Full_Adder:fa_2|OR_2:o1       ; work         ;
;                |XOR_2:x1|              ; 2 (2)       ; 0            ; 0          ; 0    ; 0            ; 2 (2)        ; 0 (0)             ; 0 (0)            ; 0 (0)           ; 0 (0)      ; |DUT|precision_multiplier:add_instance|multiplier:multiplier1|tenbit:tenbit1|Full_Adder:fa_2|XOR_2:x1      ; work         ;
;             |Full_Adder:fa_3|          ; 2 (0)       ; 0            ; 0          ; 0    ; 0            ; 2 (0)        ; 0 (0)             ; 0 (0)            ; 0 (0)           ; 0 (0)      ; |DUT|precision_multiplier:add_instance|multiplier:multiplier1|tenbit:tenbit1|Full_Adder:fa_3               ; work         ;
;                |OR_2:o1|               ; 1 (1)       ; 0            ; 0          ; 0    ; 0            ; 1 (1)        ; 0 (0)             ; 0 (0)            ; 0 (0)           ; 0 (0)      ; |DUT|precision_multiplier:add_instance|multiplier:multiplier1|tenbit:tenbit1|Full_Adder:fa_3|OR_2:o1       ; work         ;
;                |XOR_2:x1|              ; 1 (1)       ; 0            ; 0          ; 0    ; 0            ; 1 (1)        ; 0 (0)             ; 0 (0)            ; 0 (0)           ; 0 (0)      ; |DUT|precision_multiplier:add_instance|multiplier:multiplier1|tenbit:tenbit1|Full_Adder:fa_3|XOR_2:x1      ; work         ;
;             |Full_Adder:fa_4|          ; 2 (0)       ; 0            ; 0          ; 0    ; 0            ; 2 (0)        ; 0 (0)             ; 0 (0)            ; 0 (0)           ; 0 (0)      ; |DUT|precision_multiplier:add_instance|multiplier:multiplier1|tenbit:tenbit1|Full_Adder:fa_4               ; work         ;
;                |OR_2:o1|               ; 1 (1)       ; 0            ; 0          ; 0    ; 0            ; 1 (1)        ; 0 (0)             ; 0 (0)            ; 0 (0)           ; 0 (0)      ; |DUT|precision_multiplier:add_instance|multiplier:multiplier1|tenbit:tenbit1|Full_Adder:fa_4|OR_2:o1       ; work         ;
;                |XOR_2:x1|              ; 1 (1)       ; 0            ; 0          ; 0    ; 0            ; 1 (1)        ; 0 (0)             ; 0 (0)            ; 0 (0)           ; 0 (0)      ; |DUT|precision_multiplier:add_instance|multiplier:multiplier1|tenbit:tenbit1|Full_Adder:fa_4|XOR_2:x1      ; work         ;
;             |Full_Adder:fa_5|          ; 1 (0)       ; 0            ; 0          ; 0    ; 0            ; 1 (0)        ; 0 (0)             ; 0 (0)            ; 0 (0)           ; 0 (0)      ; |DUT|precision_multiplier:add_instance|multiplier:multiplier1|tenbit:tenbit1|Full_Adder:fa_5               ; work         ;
;                |XOR_2:x1|              ; 1 (1)       ; 0            ; 0          ; 0    ; 0            ; 1 (1)        ; 0 (0)             ; 0 (0)            ; 0 (0)           ; 0 (0)      ; |DUT|precision_multiplier:add_instance|multiplier:multiplier1|tenbit:tenbit1|Full_Adder:fa_5|XOR_2:x1      ; work         ;
;          |tenbit:tenbit2|              ; 10 (0)      ; 0            ; 0          ; 0    ; 0            ; 10 (0)       ; 0 (0)             ; 0 (0)            ; 0 (0)           ; 0 (0)      ; |DUT|precision_multiplier:add_instance|multiplier:multiplier1|tenbit:tenbit2                               ; work         ;
;             |Full_Adder:fa_2|          ; 2 (0)       ; 0            ; 0          ; 0    ; 0            ; 2 (0)        ; 0 (0)             ; 0 (0)            ; 0 (0)           ; 0 (0)      ; |DUT|precision_multiplier:add_instance|multiplier:multiplier1|tenbit:tenbit2|Full_Adder:fa_2               ; work         ;
;                |HALF_ADDER:ha|         ; 2 (2)       ; 0            ; 0          ; 0    ; 0            ; 2 (2)        ; 0 (0)             ; 0 (0)            ; 0 (0)           ; 0 (0)      ; |DUT|precision_multiplier:add_instance|multiplier:multiplier1|tenbit:tenbit2|Full_Adder:fa_2|HALF_ADDER:ha ; work         ;
;             |Full_Adder:fa_3|          ; 2 (0)       ; 0            ; 0          ; 0    ; 0            ; 2 (0)        ; 0 (0)             ; 0 (0)            ; 0 (0)           ; 0 (0)      ; |DUT|precision_multiplier:add_instance|multiplier:multiplier1|tenbit:tenbit2|Full_Adder:fa_3               ; work         ;
;                |OR_2:o1|               ; 1 (1)       ; 0            ; 0          ; 0    ; 0            ; 1 (1)        ; 0 (0)             ; 0 (0)            ; 0 (0)           ; 0 (0)      ; |DUT|precision_multiplier:add_instance|multiplier:multiplier1|tenbit:tenbit2|Full_Adder:fa_3|OR_2:o1       ; work         ;
;                |XOR_2:x1|              ; 1 (1)       ; 0            ; 0          ; 0    ; 0            ; 1 (1)        ; 0 (0)             ; 0 (0)            ; 0 (0)           ; 0 (0)      ; |DUT|precision_multiplier:add_instance|multiplier:multiplier1|tenbit:tenbit2|Full_Adder:fa_3|XOR_2:x1      ; work         ;
;             |Full_Adder:fa_4|          ; 2 (0)       ; 0            ; 0          ; 0    ; 0            ; 2 (0)        ; 0 (0)             ; 0 (0)            ; 0 (0)           ; 0 (0)      ; |DUT|precision_multiplier:add_instance|multiplier:multiplier1|tenbit:tenbit2|Full_Adder:fa_4               ; work         ;
;                |OR_2:o1|               ; 1 (1)       ; 0            ; 0          ; 0    ; 0            ; 1 (1)        ; 0 (0)             ; 0 (0)            ; 0 (0)           ; 0 (0)      ; |DUT|precision_multiplier:add_instance|multiplier:multiplier1|tenbit:tenbit2|Full_Adder:fa_4|OR_2:o1       ; work         ;
;                |XOR_2:x1|              ; 1 (1)       ; 0            ; 0          ; 0    ; 0            ; 1 (1)        ; 0 (0)             ; 0 (0)            ; 0 (0)           ; 0 (0)      ; |DUT|precision_multiplier:add_instance|multiplier:multiplier1|tenbit:tenbit2|Full_Adder:fa_4|XOR_2:x1      ; work         ;
;             |Full_Adder:fa_5|          ; 2 (0)       ; 0            ; 0          ; 0    ; 0            ; 2 (0)        ; 0 (0)             ; 0 (0)            ; 0 (0)           ; 0 (0)      ; |DUT|precision_multiplier:add_instance|multiplier:multiplier1|tenbit:tenbit2|Full_Adder:fa_5               ; work         ;
;                |OR_2:o1|               ; 1 (1)       ; 0            ; 0          ; 0    ; 0            ; 1 (1)        ; 0 (0)             ; 0 (0)            ; 0 (0)           ; 0 (0)      ; |DUT|precision_multiplier:add_instance|multiplier:multiplier1|tenbit:tenbit2|Full_Adder:fa_5|OR_2:o1       ; work         ;
;                |XOR_2:x1|              ; 1 (1)       ; 0            ; 0          ; 0    ; 0            ; 1 (1)        ; 0 (0)             ; 0 (0)            ; 0 (0)           ; 0 (0)      ; |DUT|precision_multiplier:add_instance|multiplier:multiplier1|tenbit:tenbit2|Full_Adder:fa_5|XOR_2:x1      ; work         ;
;             |Full_Adder:fa_6|          ; 2 (0)       ; 0            ; 0          ; 0    ; 0            ; 2 (0)        ; 0 (0)             ; 0 (0)            ; 0 (0)           ; 0 (0)      ; |DUT|precision_multiplier:add_instance|multiplier:multiplier1|tenbit:tenbit2|Full_Adder:fa_6               ; work         ;
;                |OR_2:o1|               ; 1 (1)       ; 0            ; 0          ; 0    ; 0            ; 1 (1)        ; 0 (0)             ; 0 (0)            ; 0 (0)           ; 0 (0)      ; |DUT|precision_multiplier:add_instance|multiplier:multiplier1|tenbit:tenbit2|Full_Adder:fa_6|OR_2:o1       ; work         ;
;                |XOR_2:x1|              ; 1 (1)       ; 0            ; 0          ; 0    ; 0            ; 1 (1)        ; 0 (0)             ; 0 (0)            ; 0 (0)           ; 0 (0)      ; |DUT|precision_multiplier:add_instance|multiplier:multiplier1|tenbit:tenbit2|Full_Adder:fa_6|XOR_2:x1      ; work         ;
;          |tenbit:tenbit3|              ; 10 (0)      ; 0            ; 0          ; 0    ; 0            ; 10 (0)       ; 0 (0)             ; 0 (0)            ; 0 (0)           ; 0 (0)      ; |DUT|precision_multiplier:add_instance|multiplier:multiplier1|tenbit:tenbit3                               ; work         ;
;             |Full_Adder:fa_3|          ; 2 (0)       ; 0            ; 0          ; 0    ; 0            ; 2 (0)        ; 0 (0)             ; 0 (0)            ; 0 (0)           ; 0 (0)      ; |DUT|precision_multiplier:add_instance|multiplier:multiplier1|tenbit:tenbit3|Full_Adder:fa_3               ; work         ;
;                |HALF_ADDER:ha|         ; 2 (2)       ; 0            ; 0          ; 0    ; 0            ; 2 (2)        ; 0 (0)             ; 0 (0)            ; 0 (0)           ; 0 (0)      ; |DUT|precision_multiplier:add_instance|multiplier:multiplier1|tenbit:tenbit3|Full_Adder:fa_3|HALF_ADDER:ha ; work         ;
;             |Full_Adder:fa_4|          ; 2 (0)       ; 0            ; 0          ; 0    ; 0            ; 2 (0)        ; 0 (0)             ; 0 (0)            ; 0 (0)           ; 0 (0)      ; |DUT|precision_multiplier:add_instance|multiplier:multiplier1|tenbit:tenbit3|Full_Adder:fa_4               ; work         ;
;                |OR_2:o1|               ; 1 (1)       ; 0            ; 0          ; 0    ; 0            ; 1 (1)        ; 0 (0)             ; 0 (0)            ; 0 (0)           ; 0 (0)      ; |DUT|precision_multiplier:add_instance|multiplier:multiplier1|tenbit:tenbit3|Full_Adder:fa_4|OR_2:o1       ; work         ;
;                |XOR_2:x1|              ; 1 (1)       ; 0            ; 0          ; 0    ; 0            ; 1 (1)        ; 0 (0)             ; 0 (0)            ; 0 (0)           ; 0 (0)      ; |DUT|precision_multiplier:add_instance|multiplier:multiplier1|tenbit:tenbit3|Full_Adder:fa_4|XOR_2:x1      ; work         ;
;             |Full_Adder:fa_5|          ; 2 (0)       ; 0            ; 0          ; 0    ; 0            ; 2 (0)        ; 0 (0)             ; 0 (0)            ; 0 (0)           ; 0 (0)      ; |DUT|precision_multiplier:add_instance|multiplier:multiplier1|tenbit:tenbit3|Full_Adder:fa_5               ; work         ;
;                |OR_2:o1|               ; 1 (1)       ; 0            ; 0          ; 0    ; 0            ; 1 (1)        ; 0 (0)             ; 0 (0)            ; 0 (0)           ; 0 (0)      ; |DUT|precision_multiplier:add_instance|multiplier:multiplier1|tenbit:tenbit3|Full_Adder:fa_5|OR_2:o1       ; work         ;
;                |XOR_2:x1|              ; 1 (1)       ; 0            ; 0          ; 0    ; 0            ; 1 (1)        ; 0 (0)             ; 0 (0)            ; 0 (0)           ; 0 (0)      ; |DUT|precision_multiplier:add_instance|multiplier:multiplier1|tenbit:tenbit3|Full_Adder:fa_5|XOR_2:x1      ; work         ;
;             |Full_Adder:fa_6|          ; 2 (0)       ; 0            ; 0          ; 0    ; 0            ; 2 (0)        ; 0 (0)             ; 0 (0)            ; 0 (0)           ; 0 (0)      ; |DUT|precision_multiplier:add_instance|multiplier:multiplier1|tenbit:tenbit3|Full_Adder:fa_6               ; work         ;
;                |HALF_ADDER:ha|         ; 1 (1)       ; 0            ; 0          ; 0    ; 0            ; 1 (1)        ; 0 (0)             ; 0 (0)            ; 0 (0)           ; 0 (0)      ; |DUT|precision_multiplier:add_instance|multiplier:multiplier1|tenbit:tenbit3|Full_Adder:fa_6|HALF_ADDER:ha ; work         ;
;                |OR_2:o1|               ; 1 (1)       ; 0            ; 0          ; 0    ; 0            ; 1 (1)        ; 0 (0)             ; 0 (0)            ; 0 (0)           ; 0 (0)      ; |DUT|precision_multiplier:add_instance|multiplier:multiplier1|tenbit:tenbit3|Full_Adder:fa_6|OR_2:o1       ; work         ;
;             |Full_Adder:fa_7|          ; 2 (0)       ; 0            ; 0          ; 0    ; 0            ; 2 (0)        ; 0 (0)             ; 0 (0)            ; 0 (0)           ; 0 (0)      ; |DUT|precision_multiplier:add_instance|multiplier:multiplier1|tenbit:tenbit3|Full_Adder:fa_7               ; work         ;
;                |HALF_ADDER:ha|         ; 1 (1)       ; 0            ; 0          ; 0    ; 0            ; 1 (1)        ; 0 (0)             ; 0 (0)            ; 0 (0)           ; 0 (0)      ; |DUT|precision_multiplier:add_instance|multiplier:multiplier1|tenbit:tenbit3|Full_Adder:fa_7|HALF_ADDER:ha ; work         ;
;                |OR_2:o1|               ; 1 (1)       ; 0            ; 0          ; 0    ; 0            ; 1 (1)        ; 0 (0)             ; 0 (0)            ; 0 (0)           ; 0 (0)      ; |DUT|precision_multiplier:add_instance|multiplier:multiplier1|tenbit:tenbit3|Full_Adder:fa_7|OR_2:o1       ; work         ;
;          |tenbit:tenbit4|              ; 6 (0)       ; 0            ; 0          ; 0    ; 0            ; 6 (0)        ; 0 (0)             ; 0 (0)            ; 0 (0)           ; 0 (0)      ; |DUT|precision_multiplier:add_instance|multiplier:multiplier1|tenbit:tenbit4                               ; work         ;
;             |Full_Adder:fa_5|          ; 2 (0)       ; 0            ; 0          ; 0    ; 0            ; 2 (0)        ; 0 (0)             ; 0 (0)            ; 0 (0)           ; 0 (0)      ; |DUT|precision_multiplier:add_instance|multiplier:multiplier1|tenbit:tenbit4|Full_Adder:fa_5               ; work         ;
;                |OR_2:o1|               ; 1 (1)       ; 0            ; 0          ; 0    ; 0            ; 1 (1)        ; 0 (0)             ; 0 (0)            ; 0 (0)           ; 0 (0)      ; |DUT|precision_multiplier:add_instance|multiplier:multiplier1|tenbit:tenbit4|Full_Adder:fa_5|OR_2:o1       ; work         ;
;                |XOR_2:x1|              ; 1 (1)       ; 0            ; 0          ; 0    ; 0            ; 1 (1)        ; 0 (0)             ; 0 (0)            ; 0 (0)           ; 0 (0)      ; |DUT|precision_multiplier:add_instance|multiplier:multiplier1|tenbit:tenbit4|Full_Adder:fa_5|XOR_2:x1      ; work         ;
;             |Full_Adder:fa_6|          ; 2 (0)       ; 0            ; 0          ; 0    ; 0            ; 2 (0)        ; 0 (0)             ; 0 (0)            ; 0 (0)           ; 0 (0)      ; |DUT|precision_multiplier:add_instance|multiplier:multiplier1|tenbit:tenbit4|Full_Adder:fa_6               ; work         ;
;                |OR_2:o1|               ; 1 (1)       ; 0            ; 0          ; 0    ; 0            ; 1 (1)        ; 0 (0)             ; 0 (0)            ; 0 (0)           ; 0 (0)      ; |DUT|precision_multiplier:add_instance|multiplier:multiplier1|tenbit:tenbit4|Full_Adder:fa_6|OR_2:o1       ; work         ;
;                |XOR_2:x1|              ; 1 (1)       ; 0            ; 0          ; 0    ; 0            ; 1 (1)        ; 0 (0)             ; 0 (0)            ; 0 (0)           ; 0 (0)      ; |DUT|precision_multiplier:add_instance|multiplier:multiplier1|tenbit:tenbit4|Full_Adder:fa_6|XOR_2:x1      ; work         ;
;             |Full_Adder:fa_7|          ; 2 (0)       ; 0            ; 0          ; 0    ; 0            ; 2 (0)        ; 0 (0)             ; 0 (0)            ; 0 (0)           ; 0 (0)      ; |DUT|precision_multiplier:add_instance|multiplier:multiplier1|tenbit:tenbit4|Full_Adder:fa_7               ; work         ;
;                |OR_2:o1|               ; 1 (1)       ; 0            ; 0          ; 0    ; 0            ; 1 (1)        ; 0 (0)             ; 0 (0)            ; 0 (0)           ; 0 (0)      ; |DUT|precision_multiplier:add_instance|multiplier:multiplier1|tenbit:tenbit4|Full_Adder:fa_7|OR_2:o1       ; work         ;
;                |XOR_2:x1|              ; 1 (1)       ; 0            ; 0          ; 0    ; 0            ; 1 (1)        ; 0 (0)             ; 0 (0)            ; 0 (0)           ; 0 (0)      ; |DUT|precision_multiplier:add_instance|multiplier:multiplier1|tenbit:tenbit4|Full_Adder:fa_7|XOR_2:x1      ; work         ;
+----------------------------------------+-------------+--------------+------------+------+--------------+--------------+-------------------+------------------+-----------------+------------+------------------------------------------------------------------------------------------------------------+--------------+
Note: For table entries with two numbers listed, the numbers in parentheses indicate the number of resources of the given type used by the specific entity alone. The numbers listed outside of parentheses indicate the total resources of the given type used by the specific entity and all of its sub-entities in the hierarchy.


+------------------------------------------------------+
; General Register Statistics                          ;
+----------------------------------------------+-------+
; Statistic                                    ; Value ;
+----------------------------------------------+-------+
; Total registers                              ; 0     ;
; Number of registers using Synchronous Clear  ; 0     ;
; Number of registers using Synchronous Load   ; 0     ;
; Number of registers using Asynchronous Clear ; 0     ;
; Number of registers using Asynchronous Load  ; 0     ;
; Number of registers using Clock Enable       ; 0     ;
; Number of registers using Preset             ; 0     ;
+----------------------------------------------+-------+


+--------------------------------------------------------------------------------------------------------------------+
; Port Connectivity Checks: "precision_multiplier:add_instance|multiplier:multiplier1|tenbit:tenbit4"                ;
+----------+--------+----------+-------------------------------------------------------------------------------------+
; Port     ; Type   ; Severity ; Details                                                                             ;
+----------+--------+----------+-------------------------------------------------------------------------------------+
; carryout ; Output ; Info     ; Connected to dangling logic. Logic that only feeds a dangling port will be removed. ;
+----------+--------+----------+-------------------------------------------------------------------------------------+


+-----------------------------------------------------------------------------------------------+
; Port Connectivity Checks: "precision_multiplier:add_instance|multiplier:multiplier1|mux:mux8" ;
+-----------+-------+----------+----------------------------------------------------------------+
; Port      ; Type  ; Severity ; Details                                                        ;
+-----------+-------+----------+----------------------------------------------------------------+
; in1[9..5] ; Input ; Info     ; Stuck at GND                                                   ;
+-----------+-------+----------+----------------------------------------------------------------+


+--------------------------------------------------------------------------------------------------------------------+
; Port Connectivity Checks: "precision_multiplier:add_instance|multiplier:multiplier1|tenbit:tenbit3"                ;
+----------+--------+----------+-------------------------------------------------------------------------------------+
; Port     ; Type   ; Severity ; Details                                                                             ;
+----------+--------+----------+-------------------------------------------------------------------------------------+
; carryout ; Output ; Info     ; Connected to dangling logic. Logic that only feeds a dangling port will be removed. ;
+----------+--------+----------+-------------------------------------------------------------------------------------+


+-----------------------------------------------------------------------------------------------+
; Port Connectivity Checks: "precision_multiplier:add_instance|multiplier:multiplier1|mux:mux5" ;
+-----------+-------+----------+----------------------------------------------------------------+
; Port      ; Type  ; Severity ; Details                                                        ;
+-----------+-------+----------+----------------------------------------------------------------+
; in1[9..5] ; Input ; Info     ; Stuck at GND                                                   ;
+-----------+-------+----------+----------------------------------------------------------------+


+--------------------------------------------------------------------------------------------------------------------+
; Port Connectivity Checks: "precision_multiplier:add_instance|multiplier:multiplier1|tenbit:tenbit2"                ;
+----------+--------+----------+-------------------------------------------------------------------------------------+
; Port     ; Type   ; Severity ; Details                                                                             ;
+----------+--------+----------+-------------------------------------------------------------------------------------+
; carryout ; Output ; Info     ; Connected to dangling logic. Logic that only feeds a dangling port will be removed. ;
+----------+--------+----------+-------------------------------------------------------------------------------------+


+-----------------------------------------------------------------------------------------------+
; Port Connectivity Checks: "precision_multiplier:add_instance|multiplier:multiplier1|mux:mux3" ;
+-----------+-------+----------+----------------------------------------------------------------+
; Port      ; Type  ; Severity ; Details                                                        ;
+-----------+-------+----------+----------------------------------------------------------------+
; in1[9..5] ; Input ; Info     ; Stuck at GND                                                   ;
+-----------+-------+----------+----------------------------------------------------------------+


+---------------------------------------------------------------------------------------------------------------------+
; Port Connectivity Checks: "precision_multiplier:add_instance|multiplier:multiplier1|tenbit:tenbit1|Full_Adder:fa_0" ;
+------+-------+----------+-------------------------------------------------------------------------------------------+
; Port ; Type  ; Severity ; Details                                                                                   ;
+------+-------+----------+-------------------------------------------------------------------------------------------+
; cin  ; Input ; Info     ; Stuck at GND                                                                              ;
+------+-------+----------+-------------------------------------------------------------------------------------------+


+----------------------------------------------------------------------------------------------------------------------+
; Port Connectivity Checks: "precision_multiplier:add_instance|multiplier:multiplier1|tenbit:tenbit1"                  ;
+------------+--------+----------+-------------------------------------------------------------------------------------+
; Port       ; Type   ; Severity ; Details                                                                             ;
+------------+--------+----------+-------------------------------------------------------------------------------------+
; sum1[9..5] ; Input  ; Info     ; Stuck at GND                                                                        ;
; carryout   ; Output ; Info     ; Connected to dangling logic. Logic that only feeds a dangling port will be removed. ;
+------------+--------+----------+-------------------------------------------------------------------------------------+


+-----------------------------------------------------------------------------------------------+
; Port Connectivity Checks: "precision_multiplier:add_instance|multiplier:multiplier1|mux:mux2" ;
+-----------+-------+----------+----------------------------------------------------------------+
; Port      ; Type  ; Severity ; Details                                                        ;
+-----------+-------+----------+----------------------------------------------------------------+
; in1[9..5] ; Input ; Info     ; Stuck at GND                                                   ;
+-----------+-------+----------+----------------------------------------------------------------+


+--------------------------------------------------------------------------------------+
; Port Connectivity Checks: "precision_multiplier:add_instance|multiplier:multiplier1" ;
+-----------+-------+----------+-------------------------------------------------------+
; Port      ; Type  ; Severity ; Details                                               ;
+-----------+-------+----------+-------------------------------------------------------+
; input1[4] ; Input ; Info     ; Stuck at VCC                                          ;
; input2[4] ; Input ; Info     ; Stuck at VCC                                          ;
+-----------+-------+----------+-------------------------------------------------------+


+-------------------------------+
; Analysis & Synthesis Messages ;
+-------------------------------+
Info: *******************************************************************
Info: Running Quartus II 32-bit Analysis & Synthesis
    Info: Version 12.0 Build 178 05/31/2012 SJ Web Edition
    Info: Processing started: Sun Apr 21 11:44:45 2019
Info: Command: quartus_map --read_settings_files=on --write_settings_files=off precision_multiplier -c DUT
Warning (20028): Parallel compilation is not licensed and has been disabled
Info (12021): Found 17 design units, including 8 entities, in source file Gates.vhdl
    Info (12022): Found design unit 1: Gates
    Info (12022): Found design unit 2: INVERTER-Equations
    Info (12022): Found design unit 3: AND_2-Equations
    Info (12022): Found design unit 4: NAND_2-Equations
    Info (12022): Found design unit 5: OR_2-Equations
    Info (12022): Found design unit 6: NOR_2-Equations
    Info (12022): Found design unit 7: XOR_2-Equations
    Info (12022): Found design unit 8: XNOR_2-Equations
    Info (12022): Found design unit 9: HALF_ADDER-Equations
    Info (12023): Found entity 1: INVERTER
    Info (12023): Found entity 2: AND_2
    Info (12023): Found entity 3: NAND_2
    Info (12023): Found entity 4: OR_2
    Info (12023): Found entity 5: NOR_2
    Info (12023): Found entity 6: XOR_2
    Info (12023): Found entity 7: XNOR_2
    Info (12023): Found entity 8: HALF_ADDER
Info (12021): Found 2 design units, including 1 entities, in source file Full_Adder.vhdl
    Info (12022): Found design unit 1: Full_Adder-Struct
    Info (12023): Found entity 1: Full_Adder
Info (12021): Found 2 design units, including 1 entities, in source file tenbit.vhdl
    Info (12022): Found design unit 1: tenbit-Struct
    Info (12023): Found entity 1: tenbit
Info (12021): Found 2 design units, including 1 entities, in source file multiplier.vhdl
    Info (12022): Found design unit 1: multiplier-design
    Info (12023): Found entity 1: multiplier
Info (12021): Found 2 design units, including 1 entities, in source file Testbench.vhdl
    Info (12022): Found design unit 1: Testbench-Behave
    Info (12023): Found entity 1: Testbench
Info (12021): Found 2 design units, including 1 entities, in source file DUT.vhdl
    Info (12022): Found design unit 1: DUT-DutWrap
    Info (12023): Found entity 1: DUT
Warning (12090): Entity "mux" obtained from "mux.vhdl" instead of from Quartus II megafunction library
Info (12021): Found 2 design units, including 1 entities, in source file mux.vhdl
    Info (12022): Found design unit 1: mux-design
    Info (12023): Found entity 1: mux
Info (12021): Found 2 design units, including 1 entities, in source file precisionmultiplier.vhdl
    Info (12022): Found design unit 1: precision_multiplier-design
    Info (12023): Found entity 1: precision_multiplier
Info (12127): Elaborating entity "DUT" for the top level hierarchy
Info (12128): Elaborating entity "precision_multiplier" for hierarchy "precision_multiplier:add_instance"
Info (12128): Elaborating entity "multiplier" for hierarchy "precision_multiplier:add_instance|multiplier:multiplier1"
Warning (10036): Verilog HDL or VHDL warning at multiplier.vhdl(32): object "null_c1" assigned a value but never read
Warning (10036): Verilog HDL or VHDL warning at multiplier.vhdl(32): object "null_c2" assigned a value but never read
Warning (10036): Verilog HDL or VHDL warning at multiplier.vhdl(32): object "null_c3" assigned a value but never read
Warning (10036): Verilog HDL or VHDL warning at multiplier.vhdl(32): object "null_c4" assigned a value but never read
Info (12128): Elaborating entity "mux" for hierarchy "precision_multiplier:add_instance|multiplier:multiplier1|mux:mux2"
Info (12128): Elaborating entity "tenbit" for hierarchy "precision_multiplier:add_instance|multiplier:multiplier1|tenbit:tenbit1"
Info (12128): Elaborating entity "Full_Adder" for hierarchy "precision_multiplier:add_instance|multiplier:multiplier1|tenbit:tenbit1|Full_Adder:fa_0"
Info (12128): Elaborating entity "HALF_ADDER" for hierarchy "precision_multiplier:add_instance|multiplier:multiplier1|tenbit:tenbit1|Full_Adder:fa_0|HALF_ADDER:ha"
Info (12128): Elaborating entity "AND_2" for hierarchy "precision_multiplier:add_instance|multiplier:multiplier1|tenbit:tenbit1|Full_Adder:fa_0|AND_2:a1"
Info (12128): Elaborating entity "OR_2" for hierarchy "precision_multiplier:add_instance|multiplier:multiplier1|tenbit:tenbit1|Full_Adder:fa_0|OR_2:o1"
Info (12128): Elaborating entity "XOR_2" for hierarchy "precision_multiplier:add_instance|multiplier:multiplier1|tenbit:tenbit1|Full_Adder:fa_0|XOR_2:x1"
Warning (13024): Output pins are stuck at VCC or GND
    Warning (13410): Pin "output_vector[0]" is stuck at GND
Info (21057): Implemented 91 device resources after synthesis - the final resource count might be different
    Info (21058): Implemented 16 input pins
    Info (21059): Implemented 16 output pins
    Info (21061): Implemented 59 logic cells
Info: Quartus II 32-bit Analysis & Synthesis was successful. 0 errors, 8 warnings
    Info: Peak virtual memory: 356 megabytes
    Info: Processing ended: Sun Apr 21 11:44:46 2019
    Info: Elapsed time: 00:00:01
    Info: Total CPU time (on all processors): 00:00:02


